<component name="libraryTable">
  <library name="junit-platform-console-standalone-1.12.0">
    <CLASSES>
      <root url="jar://$PROJECT_DIR$/test-lib/junit-platform-console-standalone-1.12.0.jar!/" />
    </CLASSES>
    <JAVADOC />
    <SOURCES />
  </library>
</component>